<?xml version="1.0" encoding="UTF-8"?>
<!-- Generated by org.testng.reporters.JUnitReportReporter -->
<testsuite hostname="DESKTOP-CU3G818" failures="0" tests="1" name="test.test2" time="12.671" errors="0" timestamp="2022-10-03T21:30:42 IST" skipped="0">
  <testcase classname="test.test2" name="verify" time="12.671"/>
  <system-out/>
</testsuite> <!-- test.test2 -->
