<?xml version="1.0" encoding="UTF-8"?>
<!-- Generated by org.testng.reporters.JUnitReportReporter -->
<testsuite hostname="DESKTOP-CU3G818" failures="0" tests="1" name="test.test1" time="6.929" errors="0" timestamp="2022-09-20T01:06:32 IST" skipped="0">
  <testcase classname="test.test1" name="verify" time="6.929"/>
  <system-out/>
</testsuite> <!-- test.test1 -->
