<?xml version="1.0" encoding="UTF-8"?>
<!-- Generated by org.testng.reporters.JUnitReportReporter -->
<testsuite hostname="DESKTOP-LET1D06" failures="0" tests="1" name="test.test1" time="23.486" errors="0" timestamp="2023-11-21T23:27:13 IST" skipped="0">
  <testcase classname="test.test1" name="verify" time="23.486"/>
  <system-out/>
</testsuite> <!-- test.test1 -->
